{"obj": {"type": "AssignString", "path": ["sys", "description"], "value": ""}, "version": 1, "at": 1749508739.1860619}
{"obj": {"type": "AssignString", "path": ["monitoring", "67a7d5e0", "hostname"], "value": "ideas"}, "version": 2, "at": 1749508739.186228}
{"obj": {"type": "AssignString", "path": ["sys", "hostname"], "value": "ideas"}, "version": 3, "at": 1749508739.186286}
{"obj": {"type": "AssignString", "path": ["monitoring", "67a7d5e0", "pid"], "value": "1113810"}, "version": 4, "at": 1749508739.186339}
{"obj": {"type": "AssignString", "path": ["monitoring", "67a7d5e0", "tid"], "value": "139991613595648"}, "version": 5, "at": 1749508739.1863894}
{"obj": {"type": "AssignBool", "path": ["sys", "failed"], "value": false}, "version": 6, "at": 1749508739.1864312}
{"obj": {"type": "ClearStringLog", "path": ["monitoring", "67a7d5e0", "stdout"]}, "version": 7, "at": 1749508739.1864994}
{"obj": {"type": "ClearStringLog", "path": ["monitoring", "67a7d5e0", "stderr"]}, "version": 8, "at": 1749508739.1865463}
{"obj": {"type": "AssignString", "path": ["source_code", "entrypoint"], "value": "toy.py"}, "version": 9, "at": 1749508739.1867242}
{"obj": {"type": "UploadFileSet", "path": ["source_code", "files"], "file_globs": ["/home/silversurfer42/fun/node/hydroformer/hydro/toy.py"], "reset": "False"}, "version": 10, "at": 1749508739.186785}
{"obj": {"type": "UploadFile", "path": ["source_code", "diff"], "ext": "patch", "file_path": null, "tmp_file_name": "source_code_diff-1749508739.195998-2025-06-10_00.38.59.195998.patch", "clean_after_upload": false}, "version": 11, "at": 1749508739.1962183}
{"obj": {"type": "LogStrings", "path": ["monitoring", "67a7d5e0", "stdout"], "values": [{"value": "[neptune] [warning] Info (NVML): NVML Shared Library Not Found. GPU usage metrics may not be reported. For more information, see https://docs.neptune.ai/help/nvml_error/\n", "step": null, "ts": 1749508739.2032542}]}, "version": 12, "at": 1749508739.2032955}
{"obj": {"type": "ConfigFloatSeries", "path": ["monitoring", "67a7d5e0", "cpu"], "min": 0.0, "max": 100.0, "unit": "%"}, "version": 13, "at": 1749508739.2039294}
{"obj": {"type": "ClearFloatLog", "path": ["monitoring", "67a7d5e0", "cpu"]}, "version": 14, "at": 1749508739.2039979}
{"obj": {"type": "ConfigFloatSeries", "path": ["monitoring", "67a7d5e0", "memory"], "min": 0.0, "max": 7.180000305175781, "unit": "GB"}, "version": 15, "at": 1749508739.2040598}
{"obj": {"type": "ClearFloatLog", "path": ["monitoring", "67a7d5e0", "memory"]}, "version": 16, "at": 1749508739.204088}
{"obj": {"type": "AssignBool", "path": ["parameters", "baseline"], "value": false}, "version": 17, "at": 1749508739.2046387}
{"obj": {"type": "LogFloats", "path": ["monitoring", "67a7d5e0", "cpu"], "values": [{"value": 10.8, "step": null, "ts": 1749508739.2042499}]}, "version": 18, "at": 1749508739.2051697}
{"obj": {"type": "LogFloats", "path": ["monitoring", "67a7d5e0", "memory"], "values": [{"value": 3.476226806640625, "step": null, "ts": 1749508739.2042499}]}, "version": 19, "at": 1749508739.2082083}
{"obj": {"type": "LogStrings", "path": ["monitoring", "67a7d5e0", "stdout"], "values": [{"value": "Loading WikiText2 via HuggingFace...", "step": null, "ts": 1749508739.2109654}]}, "version": 20, "at": 1749508739.2110057}
{"obj": {"type": "LogStrings", "path": ["monitoring", "67a7d5e0", "stdout"], "values": [{"value": "\n", "step": null, "ts": 1749508739.2111344}]}, "version": 21, "at": 1749508739.2111475}
{"obj": {"type": "LogStrings", "path": ["monitoring", "67a7d5e0", "stdout"], "values": [{"value": "WARNING: using slow attention. Flash Attention requires PyTorch >= 2.0", "step": null, "ts": 1749508745.8665423}]}, "version": 22, "at": 1749508745.8666008}
{"obj": {"type": "LogStrings", "path": ["monitoring", "67a7d5e0", "stdout"], "values": [{"value": "\n", "step": null, "ts": 1749508745.8667881}]}, "version": 23, "at": 1749508745.8668146}
{"obj": {"type": "LogStrings", "path": ["monitoring", "67a7d5e0", "stdout"], "values": [{"value": "WARNING: using slow attention. Flash Attention requires PyTorch >= 2.0", "step": null, "ts": 1749508745.8713675}]}, "version": 24, "at": 1749508745.8714015}
{"obj": {"type": "LogStrings", "path": ["monitoring", "67a7d5e0", "stdout"], "values": [{"value": "\n", "step": null, "ts": 1749508745.871546}]}, "version": 25, "at": 1749508745.871559}
{"obj": {"type": "LogStrings", "path": ["monitoring", "67a7d5e0", "stdout"], "values": [{"value": "WARNING: using slow attention. Flash Attention requires PyTorch >= 2.0", "step": null, "ts": 1749508745.872417}]}, "version": 26, "at": 1749508745.8724341}
{"obj": {"type": "LogStrings", "path": ["monitoring", "67a7d5e0", "stdout"], "values": [{"value": "\n", "step": null, "ts": 1749508745.8725286}]}, "version": 27, "at": 1749508745.87254}
{"obj": {"type": "LogStrings", "path": ["monitoring", "67a7d5e0", "stdout"], "values": [{"value": "WARNING: using slow attention. Flash Attention requires PyTorch >= 2.0", "step": null, "ts": 1749508745.8732815}]}, "version": 28, "at": 1749508745.873306}
{"obj": {"type": "LogStrings", "path": ["monitoring", "67a7d5e0", "stdout"], "values": [{"value": "\n", "step": null, "ts": 1749508745.87343}]}, "version": 29, "at": 1749508745.8734415}
{"obj": {"type": "LogStrings", "path": ["monitoring", "67a7d5e0", "stdout"], "values": [{"value": "WARNING: using slow attention. Flash Attention requires PyTorch >= 2.0", "step": null, "ts": 1749508745.8753638}]}, "version": 30, "at": 1749508745.8754144}
{"obj": {"type": "LogStrings", "path": ["monitoring", "67a7d5e0", "stdout"], "values": [{"value": "\n", "step": null, "ts": 1749508745.875552}]}, "version": 31, "at": 1749508745.8755636}
{"obj": {"type": "LogStrings", "path": ["monitoring", "67a7d5e0", "stdout"], "values": [{"value": "WARNING: using slow attention. Flash Attention requires PyTorch >= 2.0", "step": null, "ts": 1749508745.8762817}]}, "version": 32, "at": 1749508745.8762953}
{"obj": {"type": "LogStrings", "path": ["monitoring", "67a7d5e0", "stdout"], "values": [{"value": "\n", "step": null, "ts": 1749508745.8763769}]}, "version": 33, "at": 1749508745.8763883}
{"obj": {"type": "LogStrings", "path": ["monitoring", "67a7d5e0", "stdout"], "values": [{"value": "number of parameters: 0.62M", "step": null, "ts": 1749508745.8811166}]}, "version": 34, "at": 1749508745.8811514}
{"obj": {"type": "LogStrings", "path": ["monitoring", "67a7d5e0", "stdout"], "values": [{"value": "\n", "step": null, "ts": 1749508745.8819804}]}, "version": 35, "at": 1749508745.8820062}
{"obj": {"type": "LogStrings", "path": ["monitoring", "67a7d5e0", "stdout"], "values": [{"value": "Loss:\t", "step": null, "ts": 1749508748.3670506}]}, "version": 36, "at": 1749508748.367096}
{"obj": {"type": "LogStrings", "path": ["monitoring", "67a7d5e0", "stdout"], "values": [{"value": " ", "step": null, "ts": 1749508748.3672302}]}, "version": 37, "at": 1749508748.3672426}
{"obj": {"type": "LogStrings", "path": ["monitoring", "67a7d5e0", "stdout"], "values": [{"value": "6.869984149932861", "step": null, "ts": 1749508748.3672907}]}, "version": 38, "at": 1749508748.3673015}
{"obj": {"type": "LogStrings", "path": ["monitoring", "67a7d5e0", "stdout"], "values": [{"value": "\n", "step": null, "ts": 1749508748.36777}]}, "version": 39, "at": 1749508748.367784}
{"obj": {"type": "LogFloats", "path": ["train", "loss"], "values": [{"value": 6.869984149932861, "step": null, "ts": 1749508748.368059}]}, "version": 40, "at": 1749508748.3680775}
{"obj": {"type": "LogFloats", "path": ["monitoring", "67a7d5e0", "cpu"], "values": [{"value": 30.0, "step": null, "ts": 1749508749.2091799}]}, "version": 41, "at": 1749508749.2144516}
{"obj": {"type": "LogFloats", "path": ["monitoring", "67a7d5e0", "memory"], "values": [{"value": 6.948451995849609, "step": null, "ts": 1749508749.2091799}]}, "version": 42, "at": 1749508749.2152915}
{"obj": {"type": "LogStrings", "path": ["monitoring", "67a7d5e0", "stdout"], "values": [{"value": "Loss:\t", "step": null, "ts": 1749508752.4391646}]}, "version": 43, "at": 1749508752.4392104}
{"obj": {"type": "LogFloats", "path": ["train", "loss"], "values": [{"value": 6.578104496002197, "step": null, "ts": 1749508752.4418023}]}, "version": 44, "at": 1749508752.4418442}
{"obj": {"type": "LogStrings", "path": ["monitoring", "67a7d5e0", "stdout"], "values": [{"value": " ", "step": null, "ts": 1749508752.4539318}]}, "version": 45, "at": 1749508752.4539886}
{"obj": {"type": "LogStrings", "path": ["monitoring", "67a7d5e0", "stdout"], "values": [{"value": "6.578104496002197", "step": null, "ts": 1749508752.4565215}]}, "version": 46, "at": 1749508752.456555}
{"obj": {"type": "LogStrings", "path": ["monitoring", "67a7d5e0", "stdout"], "values": [{"value": "\n", "step": null, "ts": 1749508752.4567454}]}, "version": 47, "at": 1749508752.456758}
{"obj": {"type": "LogFloats", "path": ["monitoring", "67a7d5e0", "cpu"], "values": [{"value": 86.2, "step": null, "ts": 1749508759.2181127}]}, "version": 48, "at": 1749508759.2445724}
{"obj": {"type": "LogFloats", "path": ["monitoring", "67a7d5e0", "memory"], "values": [{"value": 7.058128356933594, "step": null, "ts": 1749508759.2181127}]}, "version": 49, "at": 1749508759.2564192}
{"obj": {"type": "LogStrings", "path": ["monitoring", "67a7d5e0", "stdout"], "values": [{"value": "Loss:\t", "step": null, "ts": 1749508760.7309403}]}, "version": 50, "at": 1749508760.730998}
{"obj": {"type": "LogStrings", "path": ["monitoring", "67a7d5e0", "stdout"], "values": [{"value": " ", "step": null, "ts": 1749508760.7333202}]}, "version": 51, "at": 1749508760.733357}
{"obj": {"type": "LogStrings", "path": ["monitoring", "67a7d5e0", "stdout"], "values": [{"value": "6.348703861236572", "step": null, "ts": 1749508760.7334595}]}, "version": 52, "at": 1749508760.7334704}
{"obj": {"type": "LogFloats", "path": ["train", "loss"], "values": [{"value": 6.348703861236572, "step": null, "ts": 1749508760.7335708}]}, "version": 53, "at": 1749508760.7336383}
{"obj": {"type": "LogStrings", "path": ["monitoring", "67a7d5e0", "stdout"], "values": [{"value": "\n", "step": null, "ts": 1749508760.740067}]}, "version": 54, "at": 1749508760.7401218}
{"obj": {"type": "LogFloats", "path": ["train", "loss"], "values": [{"value": 6.226720333099365, "step": null, "ts": 1749508766.562044}]}, "version": 55, "at": 1749508766.5620902}
{"obj": {"type": "LogStrings", "path": ["monitoring", "67a7d5e0", "stdout"], "values": [{"value": "Loss:\t", "step": null, "ts": 1749508766.5665605}]}, "version": 56, "at": 1749508766.5666034}
{"obj": {"type": "LogStrings", "path": ["monitoring", "67a7d5e0", "stdout"], "values": [{"value": " ", "step": null, "ts": 1749508766.5667443}]}, "version": 57, "at": 1749508766.566758}
{"obj": {"type": "LogStrings", "path": ["monitoring", "67a7d5e0", "stdout"], "values": [{"value": "6.226720333099365", "step": null, "ts": 1749508766.5668066}]}, "version": 58, "at": 1749508766.5668173}
{"obj": {"type": "LogStrings", "path": ["monitoring", "67a7d5e0", "stdout"], "values": [{"value": "\n", "step": null, "ts": 1749508766.5668612}]}, "version": 59, "at": 1749508766.566871}
{"obj": {"type": "LogFloats", "path": ["train", "loss"], "values": [{"value": 6.140528202056885, "step": null, "ts": 1749508767.8720622}]}, "version": 60, "at": 1749508767.8721154}
{"obj": {"type": "LogStrings", "path": ["monitoring", "67a7d5e0", "stdout"], "values": [{"value": "Loss:\t", "step": null, "ts": 1749508767.873815}]}, "version": 61, "at": 1749508767.8738546}
{"obj": {"type": "LogStrings", "path": ["monitoring", "67a7d5e0", "stdout"], "values": [{"value": " ", "step": null, "ts": 1749508767.8740191}]}, "version": 62, "at": 1749508767.8740337}
{"obj": {"type": "LogStrings", "path": ["monitoring", "67a7d5e0", "stdout"], "values": [{"value": "6.140528202056885", "step": null, "ts": 1749508767.8740857}]}, "version": 63, "at": 1749508767.8740962}
{"obj": {"type": "LogStrings", "path": ["monitoring", "67a7d5e0", "stdout"], "values": [{"value": "\n", "step": null, "ts": 1749508767.874139}]}, "version": 64, "at": 1749508767.874149}
{"obj": {"type": "LogStrings", "path": ["monitoring", "67a7d5e0", "stdout"], "values": [{"value": "Loss:\t", "step": null, "ts": 1749508769.1340084}]}, "version": 65, "at": 1749508769.1340492}
{"obj": {"type": "LogStrings", "path": ["monitoring", "67a7d5e0", "stdout"], "values": [{"value": " ", "step": null, "ts": 1749508769.1341867}]}, "version": 66, "at": 1749508769.1341984}
{"obj": {"type": "LogStrings", "path": ["monitoring", "67a7d5e0", "stdout"], "values": [{"value": "6.067675590515137", "step": null, "ts": 1749508769.1342447}]}, "version": 67, "at": 1749508769.134255}
{"obj": {"type": "LogStrings", "path": ["monitoring", "67a7d5e0", "stdout"], "values": [{"value": "\n", "step": null, "ts": 1749508769.1343327}]}, "version": 68, "at": 1749508769.1343436}
{"obj": {"type": "LogFloats", "path": ["train", "loss"], "values": [{"value": 6.067675590515137, "step": null, "ts": 1749508769.1344168}]}, "version": 69, "at": 1749508769.1344392}
{"obj": {"type": "LogFloats", "path": ["monitoring", "67a7d5e0", "cpu"], "values": [{"value": 89.1, "step": null, "ts": 1749508769.2605624}]}, "version": 70, "at": 1749508769.2634706}
{"obj": {"type": "LogFloats", "path": ["monitoring", "67a7d5e0", "memory"], "values": [{"value": 6.948986053466797, "step": null, "ts": 1749508769.2605624}]}, "version": 71, "at": 1749508769.2636342}
{"obj": {"type": "LogStrings", "path": ["monitoring", "67a7d5e0", "stdout"], "values": [{"value": "Loss:\t", "step": null, "ts": 1749508770.140145}]}, "version": 72, "at": 1749508770.1401958}
{"obj": {"type": "LogStrings", "path": ["monitoring", "67a7d5e0", "stdout"], "values": [{"value": " ", "step": null, "ts": 1749508770.1403875}]}, "version": 73, "at": 1749508770.1404006}
{"obj": {"type": "LogStrings", "path": ["monitoring", "67a7d5e0", "stdout"], "values": [{"value": "5.9977922439575195", "step": null, "ts": 1749508770.140511}]}, "version": 74, "at": 1749508770.1405256}
{"obj": {"type": "LogStrings", "path": ["monitoring", "67a7d5e0", "stdout"], "values": [{"value": "\n", "step": null, "ts": 1749508770.140571}]}, "version": 75, "at": 1749508770.1405814}
{"obj": {"type": "LogFloats", "path": ["train", "loss"], "values": [{"value": 5.9977922439575195, "step": null, "ts": 1749508770.1406434}]}, "version": 76, "at": 1749508770.140672}
{"obj": {"type": "LogStrings", "path": ["monitoring", "67a7d5e0", "stdout"], "values": [{"value": "Loss:\t", "step": null, "ts": 1749508771.1651397}]}, "version": 77, "at": 1749508771.165183}
{"obj": {"type": "LogFloats", "path": ["train", "loss"], "values": [{"value": 5.945183753967285, "step": null, "ts": 1749508771.1653802}]}, "version": 78, "at": 1749508771.165409}
{"obj": {"type": "LogStrings", "path": ["monitoring", "67a7d5e0", "stdout"], "values": [{"value": " ", "step": null, "ts": 1749508771.1655052}]}, "version": 79, "at": 1749508771.1655216}
{"obj": {"type": "LogStrings", "path": ["monitoring", "67a7d5e0", "stdout"], "values": [{"value": "5.945183753967285", "step": null, "ts": 1749508771.1655734}]}, "version": 80, "at": 1749508771.1655843}
{"obj": {"type": "LogStrings", "path": ["monitoring", "67a7d5e0", "stdout"], "values": [{"value": "\n", "step": null, "ts": 1749508771.165628}]}, "version": 81, "at": 1749508771.1656375}
{"obj": {"type": "LogFloats", "path": ["train", "loss"], "values": [{"value": 5.879697322845459, "step": null, "ts": 1749508772.2126248}]}, "version": 82, "at": 1749508772.212675}
{"obj": {"type": "LogStrings", "path": ["monitoring", "67a7d5e0", "stdout"], "values": [{"value": "Loss:\t", "step": null, "ts": 1749508772.2161877}]}, "version": 83, "at": 1749508772.2162352}
{"obj": {"type": "LogStrings", "path": ["monitoring", "67a7d5e0", "stdout"], "values": [{"value": " ", "step": null, "ts": 1749508772.2164247}]}, "version": 84, "at": 1749508772.216439}
{"obj": {"type": "LogStrings", "path": ["monitoring", "67a7d5e0", "stdout"], "values": [{"value": "5.879697322845459", "step": null, "ts": 1749508772.2164872}]}, "version": 85, "at": 1749508772.2164977}
{"obj": {"type": "LogStrings", "path": ["monitoring", "67a7d5e0", "stdout"], "values": [{"value": "\n", "step": null, "ts": 1749508772.2165408}]}, "version": 86, "at": 1749508772.2165508}
{"obj": {"type": "LogStrings", "path": ["monitoring", "67a7d5e0", "stdout"], "values": [{"value": "Loss:\t", "step": null, "ts": 1749508773.37624}]}, "version": 87, "at": 1749508773.3762999}
{"obj": {"type": "LogStrings", "path": ["monitoring", "67a7d5e0", "stdout"], "values": [{"value": " ", "step": null, "ts": 1749508773.3775513}]}, "version": 88, "at": 1749508773.3775678}
{"obj": {"type": "LogStrings", "path": ["monitoring", "67a7d5e0", "stdout"], "values": [{"value": "5.824639797210693", "step": null, "ts": 1749508773.3776257}]}, "version": 89, "at": 1749508773.3776386}
{"obj": {"type": "LogStrings", "path": ["monitoring", "67a7d5e0", "stdout"], "values": [{"value": "\n", "step": null, "ts": 1749508773.3777146}]}, "version": 90, "at": 1749508773.3777256}
{"obj": {"type": "LogFloats", "path": ["train", "loss"], "values": [{"value": 5.824639797210693, "step": null, "ts": 1749508773.3777966}]}, "version": 91, "at": 1749508773.3778176}
{"obj": {"type": "LogStrings", "path": ["monitoring", "67a7d5e0", "stdout"], "values": [{"value": "Loss:\t", "step": null, "ts": 1749508774.6664994}]}, "version": 92, "at": 1749508774.6665845}
{"obj": {"type": "LogStrings", "path": ["monitoring", "67a7d5e0", "stdout"], "values": [{"value": " ", "step": null, "ts": 1749508774.6715386}]}, "version": 93, "at": 1749508774.671568}
{"obj": {"type": "LogStrings", "path": ["monitoring", "67a7d5e0", "stdout"], "values": [{"value": "5.765402317047119", "step": null, "ts": 1749508774.672687}]}, "version": 94, "at": 1749508774.6727328}
{"obj": {"type": "LogFloats", "path": ["train", "loss"], "values": [{"value": 5.765402317047119, "step": null, "ts": 1749508774.6732306}]}, "version": 95, "at": 1749508774.6732907}
{"obj": {"type": "LogStrings", "path": ["monitoring", "67a7d5e0", "stdout"], "values": [{"value": "\n", "step": null, "ts": 1749508774.6735184}]}, "version": 96, "at": 1749508774.673552}
{"obj": {"type": "LogFloats", "path": ["monitoring", "67a7d5e0", "cpu"], "values": [{"value": 91.0, "step": null, "ts": 1749508779.2641983}]}, "version": 97, "at": 1749508779.2734096}
{"obj": {"type": "LogFloats", "path": ["monitoring", "67a7d5e0", "memory"], "values": [{"value": 7.112560272216797, "step": null, "ts": 1749508779.2641983}]}, "version": 98, "at": 1749508779.2876616}
{"obj": {"type": "LogFloats", "path": ["train", "loss"], "values": [{"value": 5.703244209289551, "step": null, "ts": 1749508779.5026634}]}, "version": 99, "at": 1749508779.502716}
{"obj": {"type": "LogStrings", "path": ["monitoring", "67a7d5e0", "stdout"], "values": [{"value": "Loss:\t", "step": null, "ts": 1749508779.5063345}]}, "version": 100, "at": 1749508779.5063722}
{"obj": {"type": "LogStrings", "path": ["monitoring", "67a7d5e0", "stdout"], "values": [{"value": " ", "step": null, "ts": 1749508779.5065331}]}, "version": 101, "at": 1749508779.5065467}
{"obj": {"type": "LogStrings", "path": ["monitoring", "67a7d5e0", "stdout"], "values": [{"value": "5.703244209289551", "step": null, "ts": 1749508779.5194306}]}, "version": 102, "at": 1749508779.5194721}
{"obj": {"type": "LogStrings", "path": ["monitoring", "67a7d5e0", "stdout"], "values": [{"value": "\n", "step": null, "ts": 1749508779.5196085}]}, "version": 103, "at": 1749508779.5196202}
